<?xml version="1.0" encoding="UTF-8"?>
<coverage generated="1409016797">
  <project timestamp="1409016797">
    <package name="Icecave\Lace">
      <file name="/home/travis/build/IcecaveLabs/lace/src/CacheDsnParser.php">
        <class name="CacheDsnParser" namespace="Icecave\Lace">
          <metrics methods="1" coveredmethods="1" conditionals="0" coveredconditionals="0" statements="2" coveredstatements="2" elements="3" coveredelements="3"/>
        </class>
        <line num="12" type="method" name="__construct" crap="1" count="3"/>
        <line num="14" type="stmt" count="3"/>
        <line num="15" type="stmt" count="3"/>
        <metrics loc="16" ncloc="12" classes="1" methods="1" coveredmethods="1" conditionals="0" coveredconditionals="0" statements="2" coveredstatements="2" elements="3" coveredelements="3"/>
      </file>
      <file name="/home/travis/build/IcecaveLabs/lace/src/DatabaseDsnParser.php">
        <class name="DatabaseDsnParser" namespace="Icecave\Lace">
          <metrics methods="1" coveredmethods="1" conditionals="0" coveredconditionals="0" statements="4" coveredstatements="4" elements="5" coveredelements="5"/>
        </class>
        <line num="12" type="method" name="__construct" crap="1" count="9"/>
        <line num="14" type="stmt" count="9"/>
        <line num="15" type="stmt" count="9"/>
        <line num="16" type="stmt" count="9"/>
        <line num="17" type="stmt" count="9"/>
        <metrics loc="18" ncloc="14" classes="1" methods="1" coveredmethods="1" conditionals="0" coveredconditionals="0" statements="4" coveredstatements="4" elements="5" coveredelements="5"/>
      </file>
      <file name="/home/travis/build/IcecaveLabs/lace/src/ParserTrait.php">
        <class name="ParserTrait" namespace="Icecave\Lace">
          <metrics methods="3" coveredmethods="3" conditionals="0" coveredconditionals="0" statements="15" coveredstatements="15" elements="18" coveredelements="18"/>
        </class>
        <line num="15" type="method" name="addHandler" crap="2" count="14"/>
        <line num="17" type="stmt" count="14"/>
        <line num="18" type="stmt" count="14"/>
        <line num="21" type="stmt" count="14"/>
        <line num="22" type="stmt" count="14"/>
        <line num="29" type="method" name="removeHandler" crap="2" count="1"/>
        <line num="31" type="stmt" count="1"/>
        <line num="32" type="stmt" count="1"/>
        <line num="34" type="stmt" count="1"/>
        <line num="46" type="method" name="parse" crap="3" count="14"/>
        <line num="48" type="stmt" count="14"/>
        <line num="49" type="stmt" count="14"/>
        <line num="50" type="stmt" count="14"/>
        <line num="51" type="stmt" count="12"/>
        <line num="53" type="stmt" count="2"/>
        <line num="55" type="stmt" count="2"/>
        <line num="56" type="stmt" count="2"/>
        <line num="57" type="stmt" count="2"/>
        <metrics loc="61" ncloc="41" classes="1" methods="3" coveredmethods="3" conditionals="0" coveredconditionals="0" statements="15" coveredstatements="15" elements="18" coveredelements="18"/>
      </file>
    </package>
    <package name="Icecave\Lace\Handler">
      <file name="/home/travis/build/IcecaveLabs/lace/src/Handler/ConnectionOptionsHandlerTrait.php">
        <class name="ConnectionOptionsHandlerTrait" namespace="Icecave\Lace\Handler">
          <metrics methods="3" coveredmethods="3" conditionals="0" coveredconditionals="0" statements="24" coveredstatements="24" elements="27" coveredelements="27"/>
        </class>
        <line num="16" type="method" name="supports" crap="4" count="9"/>
        <line num="18" type="stmt" count="9"/>
        <line num="20" type="stmt" count="9"/>
        <line num="21" type="stmt" count="1"/>
        <line num="24" type="stmt" count="8"/>
        <line num="25" type="stmt" count="8"/>
        <line num="26" type="stmt" count="8"/>
        <line num="28" type="stmt" count="6"/>
        <line num="30" type="stmt" count="6"/>
        <line num="44" type="method" name="parse" crap="3" count="8"/>
        <line num="47" type="stmt" count="8"/>
        <line num="48" type="stmt" count="8"/>
        <line num="50" type="stmt" count="8"/>
        <line num="51" type="stmt" count="5"/>
        <line num="54" type="stmt" count="8"/>
        <line num="55" type="stmt" count="5"/>
        <line num="58" type="stmt" count="8"/>
        <line num="60" type="stmt" count="8"/>
        <line num="96" type="method" name="populateCommonConnectionOptions" crap="3" count="5"/>
        <line num="101" type="stmt" count="5"/>
        <line num="103" type="stmt" count="5"/>
        <line num="104" type="stmt" count="3"/>
        <line num="105" type="stmt" count="3"/>
        <line num="106" type="stmt" count="2"/>
        <line num="109" type="stmt" count="5"/>
        <line num="110" type="stmt" count="3"/>
        <line num="112" type="stmt" count="5"/>
        <metrics loc="113" ncloc="67" classes="1" methods="3" coveredmethods="3" conditionals="0" coveredconditionals="0" statements="24" coveredstatements="24" elements="27" coveredelements="27"/>
      </file>
      <file name="/home/travis/build/IcecaveLabs/lace/src/Handler/MySqlHandler.php">
        <class name="MySqlHandler" namespace="Icecave\Lace\Handler">
          <metrics methods="3" coveredmethods="3" conditionals="0" coveredconditionals="0" statements="7" coveredstatements="7" elements="10" coveredelements="10"/>
        </class>
        <line num="18" type="method" name="uriSchemePatterns" crap="1" count="8"/>
        <line num="20" type="stmt" count="8"/>
        <line num="29" type="method" name="driverName" crap="1" count="2"/>
        <line num="31" type="stmt" count="2"/>
        <line num="41" type="method" name="populateConnectionOptions" crap="1" count="2"/>
        <line num="43" type="stmt" count="2"/>
        <line num="44" type="stmt" count="2"/>
        <line num="45" type="stmt" count="2"/>
        <line num="47" type="stmt" count="2"/>
        <line num="48" type="stmt" count="2"/>
        <metrics loc="49" ncloc="30" classes="1" methods="3" coveredmethods="3" conditionals="0" coveredconditionals="0" statements="7" coveredstatements="7" elements="10" coveredelements="10"/>
      </file>
      <file name="/home/travis/build/IcecaveLabs/lace/src/Handler/PostgresHandler.php">
        <class name="PostgresHandler" namespace="Icecave\Lace\Handler">
          <metrics methods="3" coveredmethods="3" conditionals="0" coveredconditionals="0" statements="7" coveredstatements="7" elements="10" coveredelements="10"/>
        </class>
        <line num="18" type="method" name="uriSchemePatterns" crap="1" count="6"/>
        <line num="20" type="stmt" count="6"/>
        <line num="29" type="method" name="driverName" crap="1" count="3"/>
        <line num="31" type="stmt" count="3"/>
        <line num="41" type="method" name="populateConnectionOptions" crap="1" count="3"/>
        <line num="43" type="stmt" count="3"/>
        <line num="44" type="stmt" count="3"/>
        <line num="45" type="stmt" count="3"/>
        <line num="47" type="stmt" count="3"/>
        <line num="48" type="stmt" count="3"/>
        <metrics loc="49" ncloc="30" classes="1" methods="3" coveredmethods="3" conditionals="0" coveredconditionals="0" statements="7" coveredstatements="7" elements="10" coveredelements="10"/>
      </file>
      <file name="/home/travis/build/IcecaveLabs/lace/src/Handler/RedisHandler.php">
        <class name="RedisHandler" namespace="Icecave\Lace\Handler">
          <metrics methods="2" coveredmethods="2" conditionals="0" coveredconditionals="0" statements="12" coveredstatements="12" elements="14" coveredelements="14"/>
        </class>
        <line num="19" type="method" name="supports" crap="2" count="3"/>
        <line num="21" type="stmt" count="3"/>
        <line num="23" type="stmt" count="3"/>
        <line num="24" type="stmt" count="3"/>
        <line num="38" type="method" name="parse" crap="3" count="2"/>
        <line num="40" type="stmt" count="2"/>
        <line num="42" type="stmt" count="2"/>
        <line num="44" type="stmt" count="2"/>
        <line num="45" type="stmt" count="1"/>
        <line num="46" type="stmt" count="1"/>
        <line num="47" type="stmt" count="1"/>
        <line num="50" type="stmt" count="2"/>
        <line num="51" type="stmt" count="1"/>
        <line num="54" type="stmt" count="2"/>
        <metrics loc="56" ncloc="37" classes="1" methods="2" coveredmethods="2" conditionals="0" coveredconditionals="0" statements="12" coveredstatements="12" elements="14" coveredelements="14"/>
      </file>
      <file name="/home/travis/build/IcecaveLabs/lace/src/Handler/SqliteHandler.php">
        <class name="SqliteHandler" namespace="Icecave\Lace\Handler">
          <metrics methods="3" coveredmethods="3" conditionals="0" coveredconditionals="0" statements="8" coveredstatements="8" elements="11" coveredelements="11"/>
        </class>
        <line num="16" type="method" name="uriSchemePatterns" crap="1" count="3"/>
        <line num="18" type="stmt" count="3"/>
        <line num="27" type="method" name="driverName" crap="1" count="3"/>
        <line num="29" type="stmt" count="3"/>
        <line num="39" type="method" name="populateConnectionOptions" crap="2" count="3"/>
        <line num="41" type="stmt" count="3"/>
        <line num="42" type="stmt" count="2"/>
        <line num="43" type="stmt" count="2"/>
        <line num="44" type="stmt" count="1"/>
        <line num="45" type="stmt" count="1"/>
        <line num="47" type="stmt" count="3"/>
        <metrics loc="48" ncloc="29" classes="1" methods="3" coveredmethods="3" conditionals="0" coveredconditionals="0" statements="8" coveredstatements="8" elements="11" coveredelements="11"/>
      </file>
    </package>
    <metrics files="8" loc="410" ncloc="260" classes="8" methods="19" coveredmethods="19" conditionals="0" coveredconditionals="0" statements="79" coveredstatements="79" elements="98" coveredelements="98"/>
  </project>
</coverage>
