<?xml version="1.0" encoding="UTF-8"?>
<testsuites>
  <testsuite name="" tests="14" assertions="21" failures="0" errors="0" time="0.168935">
    <testsuite name="Icecave\Lace\CacheDsnParserTest" file="/home/travis/build/IcecaveLabs/lace/test/suite/CacheDsnParserTest.php" tests="3" assertions="4" failures="0" errors="0" time="0.039195">
      <testsuite name="Icecave\Lace\CacheDsnParserTest::testParse" tests="2" assertions="2" failures="0" errors="0" time="0.032217">
        <testcase name="testParse with data set #0" assertions="1" time="0.024263"/>
        <testcase name="testParse with data set #1" assertions="1" time="0.007954"/>
      </testsuite>
      <testcase name="testParseFailure" class="Icecave\Lace\CacheDsnParserTest" file="/home/travis/build/IcecaveLabs/lace/test/suite/CacheDsnParserTest.php" line="30" assertions="2" time="0.006978"/>
    </testsuite>
    <testsuite name="Icecave\Lace\DatabaseDsnParserTest" file="/home/travis/build/IcecaveLabs/lace/test/suite/DatabaseDsnParserTest.php" tests="9" assertions="10" failures="0" errors="0" time="0.094117">
      <testsuite name="Icecave\Lace\DatabaseDsnParserTest::testParse" tests="8" assertions="8" failures="0" errors="0" time="0.089492">
        <testcase name="testParse with data set #0" assertions="1" time="0.013576"/>
        <testcase name="testParse with data set #1" assertions="1" time="0.013403"/>
        <testcase name="testParse with data set #2" assertions="1" time="0.013614"/>
        <testcase name="testParse with data set #3" assertions="1" time="0.008193"/>
        <testcase name="testParse with data set #4" assertions="1" time="0.013694"/>
        <testcase name="testParse with data set #5" assertions="1" time="0.007966"/>
        <testcase name="testParse with data set #6" assertions="1" time="0.009112"/>
        <testcase name="testParse with data set #7" assertions="1" time="0.009934"/>
      </testsuite>
      <testcase name="testParseFailure" class="Icecave\Lace\DatabaseDsnParserTest" file="/home/travis/build/IcecaveLabs/lace/test/suite/DatabaseDsnParserTest.php" line="33" assertions="2" time="0.004625"/>
    </testsuite>
    <testsuite name="Icecave\Lace\ParserTraitTest" file="/home/travis/build/IcecaveLabs/lace/test/suite/ParserTraitTest.php" tests="2" assertions="7" failures="0" errors="0" time="0.035623">
      <testcase name="testParse" class="Icecave\Lace\ParserTraitTest" file="/home/travis/build/IcecaveLabs/lace/test/suite/ParserTraitTest.php" line="29" assertions="5" time="0.026191"/>
      <testcase name="testAddAndRemoveHandlers" class="Icecave\Lace\ParserTraitTest" file="/home/travis/build/IcecaveLabs/lace/test/suite/ParserTraitTest.php" line="48" assertions="2" time="0.009432"/>
    </testsuite>
  </testsuite>
</testsuites>
